Food Ordering App/FoodApp-main/FoodOrderApp/app/build/intermediates/manifest_merge_blame_file/debug/manifest-merger-blame-debug-report.txt
1<?xml version="1.0" encoding="utf-8"?>
2<manifest xmlns:android="http://schemas.android.com/apk/res/android"
3    package="com.android.foodorderapp"
4    android:versionCode="1"
5    android:versionName="1.0" >
6
7    <uses-sdk
8        android:minSdkVersion="24"
8-->src\main\AndroidManifest.xml
9        android:targetSdkVersion="29" />
9-->src\main\AndroidManifest.xml
10
11    <uses-permission android:name="android.permission.INTERNET" />
11-->src\main\AndroidManifest.xml:4:3-64
11-->src\main\AndroidManifest.xml:4:20-62
12
13    <application
13-->src\main\AndroidManifest.xml:5:5-44:19
14        android:allowBackup="true"
14-->src\main\AndroidManifest.xml:6:9-35
15        android:appComponentFactory="androidx.core.app.CoreComponentFactory"
15-->[androidx.core:core:1.3.1] AndroidManifest.xml:24:18-86
16        android:debuggable="true"
17        android:extractNativeLibs="false"
18        android:icon="@mipmap/ic_launcher"
18-->src\main\AndroidManifest.xml:7:9-43
19        android:label="@string/app_name"
19-->src\main\AndroidManifest.xml:8:9-41
20        android:roundIcon="@mipmap/ic_launcher_round"
20-->src\main\AndroidManifest.xml:9:9-54
21        android:supportsRtl="true"
21-->src\main\AndroidManifest.xml:10:9-35
22        android:testOnly="true"
23        android:theme="@style/Theme.FoodOrderApp" >
23-->src\main\AndroidManifest.xml:11:9-50
24        <activity android:name="com.android.foodorderapp.OrderSucceessActivity" >
24-->src\main\AndroidManifest.xml:12:9-18:20
24-->src\main\AndroidManifest.xml:12:19-56
25            <intent-filter>
25-->src\main\AndroidManifest.xml:13:13-17:29
26                <action android:name="OrderSucceessActivity" />
26-->src\main\AndroidManifest.xml:14:17-64
26-->src\main\AndroidManifest.xml:14:25-61
27
28                <category android:name="android.intent.category.DEFAULT" />
28-->src\main\AndroidManifest.xml:16:17-76
28-->src\main\AndroidManifest.xml:16:27-73
29            </intent-filter>
30        </activity>
31        <activity android:name="com.android.foodorderapp.PlaceYourOrderActivity" >
31-->src\main\AndroidManifest.xml:20:9-26:20
31-->src\main\AndroidManifest.xml:20:19-57
32            <intent-filter>
32-->src\main\AndroidManifest.xml:21:9-25:25
33                <action android:name="android.intent.action.MAIN" />
33-->src\main\AndroidManifest.xml:22:13-65
33-->src\main\AndroidManifest.xml:22:21-62
34
35                <category android:name="android.intent.category.DEFAULT" />
35-->src\main\AndroidManifest.xml:16:17-76
35-->src\main\AndroidManifest.xml:16:27-73
36            </intent-filter>
37        </activity>
38        <activity android:name="com.android.foodorderapp.RestaurantMenuActivity" >
38-->src\main\AndroidManifest.xml:28:9-34:20
38-->src\main\AndroidManifest.xml:28:19-57
39            <intent-filter>
39-->src\main\AndroidManifest.xml:21:9-25:25
40                <action android:name="android.intent.action.MAIN" />
40-->src\main\AndroidManifest.xml:22:13-65
40-->src\main\AndroidManifest.xml:22:21-62
41
42                <category android:name="android.intent.category.DEFAULT" />
42-->src\main\AndroidManifest.xml:16:17-76
42-->src\main\AndroidManifest.xml:16:27-73
43            </intent-filter>
44        </activity>
45        <activity android:name="com.android.foodorderapp.MainActivity" >
45-->src\main\AndroidManifest.xml:36:9-42:20
45-->src\main\AndroidManifest.xml:36:19-47
46            <intent-filter>
46-->src\main\AndroidManifest.xml:37:9-41:25
47                <action android:name="android.intent.action.MAIN" />
47-->src\main\AndroidManifest.xml:22:13-65
47-->src\main\AndroidManifest.xml:22:21-62
48
49                <category android:name="android.intent.category.LAUNCHER" />
49-->src\main\AndroidManifest.xml:40:13-73
49-->src\main\AndroidManifest.xml:40:23-70
50            </intent-filter>
51        </activity>
52    </application>
53
54</manifest>